Using device: cuda
Loaded 819 embeddings (819, 1152)
Loaded 364360 embeddings (364360, 1152)
Loaded 175 embeddings (175, 1152)
Loaded 72872 embeddings (72872, 1152)
Epoch   1 | train_loss: 0.000506 | loss: 0.000236 | mcc: 0.787894 | auprc: 0.891572 | recall: 0.880000 | f1: 0.783715
New best model saved (val_loss: 0.000236)
Epoch   2 | train_loss: 0.000201 | loss: 0.000344 | mcc: 0.807581 | auprc: 0.871111 | recall: 0.828571 | f1: 0.807799
Epoch   3 | train_loss: 0.000100 | loss: 0.000292 | mcc: 0.804743 | auprc: 0.900957 | recall: 0.880000 | f1: 0.802083
Epoch   4 | train_loss: 0.000088 | loss: 0.000304 | mcc: 0.705360 | auprc: 0.913257 | recall: 0.920000 | f1: 0.682203
Epoch   5 | train_loss: 0.000057 | loss: 0.000447 | mcc: 0.914739 | auprc: 0.928898 | recall: 0.885714 | f1: 0.914454
Epoch   6 | train_loss: 0.000051 | loss: 0.000404 | mcc: 0.862576 | auprc: 0.914772 | recall: 0.880000 | f1: 0.862745
Epoch   7 | train_loss: 0.000042 | loss: 0.000587 | mcc: 0.913229 | auprc: 0.937355 | recall: 0.840000 | f1: 0.910217
Epoch   8 | train_loss: 0.000031 | loss: 0.000708 | mcc: 0.910252 | auprc: 0.934888 | recall: 0.845714 | f1: 0.907975
Epoch   9 | train_loss: 0.000028 | loss: 0.000597 | mcc: 0.917034 | auprc: 0.939808 | recall: 0.874286 | f1: 0.916168
Epoch  10 | train_loss: 0.000034 | loss: 0.000345 | mcc: 0.812682 | auprc: 0.921027 | recall: 0.920000 | f1: 0.807018
Epoch  11 | train_loss: 0.000022 | loss: 0.000691 | mcc: 0.889972 | auprc: 0.922074 | recall: 0.880000 | f1: 0.890173
Epoch  12 | train_loss: 0.000020 | loss: 0.000734 | mcc: 0.916826 | auprc: 0.930796 | recall: 0.868571 | f1: 0.915663
Epoch  13 | train_loss: 0.000027 | loss: 0.000582 | mcc: 0.868031 | auprc: 0.933478 | recall: 0.914286 | f1: 0.867209
Epoch  14 | train_loss: 0.000016 | loss: 0.000942 | mcc: 0.907636 | auprc: 0.922268 | recall: 0.857143 | f1: 0.906344
Epoch  15 | train_loss: 0.000015 | loss: 0.000865 | mcc: 0.898396 | auprc: 0.921927 | recall: 0.845714 | f1: 0.896970
Epoch  16 | train_loss: 0.000016 | loss: 0.001031 | mcc: 0.897738 | auprc: 0.924746 | recall: 0.828571 | f1: 0.895062
Early stopping after 16 epochs (patience=15)
Loaded 181 embeddings (181, 1152)
Loaded 92 embeddings (92, 1152)
Loaded 78 embeddings (78, 1152)
Loaded 437236 embeddings (437236, 1152)
Test set: loss: 0.0002 | mcc: 0.5527 | auprc: 0.6809 | recall: 0.7835 | f1: 0.5213
